<?xml version="1.0" encoding="UTF-8"?>
<!-- Generated by org.testng.reporters.JUnitReportReporter -->
<testsuite hostname="CFS-LP-0064" failures="0" tests="2" name="test.LambdaTest" time="48.629" errors="0" timestamp="2023-02-03T14:37:23 IST" skipped="0">
  <testcase classname="test.LambdaTest" name="runTest" time="23.647"/>
  <system-out/>
  <testcase classname="test.LambdaTest" name="runTest" time="24.982"/>
  <system-out/>
</testsuite> <!-- test.LambdaTest -->
