<?xml version="1.0" encoding="UTF-8"?>
<!-- Generated by org.testng.reporters.JUnitReportReporter -->
<testsuite hostname="CFS-LP-0064" failures="0" tests="2" name="test.LambdaTest" time="55.785" errors="0" timestamp="2023-02-03T14:10:46 IST" skipped="0">
  <testcase classname="test.LambdaTest" name="runTest" time="23.962"/>
  <system-out/>
  <testcase classname="test.LambdaTest" name="runTest" time="31.823"/>
  <system-out/>
</testsuite> <!-- test.LambdaTest -->
