<?xml version="1.0" encoding="UTF-8"?>
<!-- Generated by org.testng.reporters.JUnitReportReporter -->
<testsuite hostname="guruprasadk-lambdatesta-vinrwhnx8bg" failures="0" tests="2" name="test.LambdaTest" time="62.827" errors="0" timestamp="2023-02-10T10:59:56 UTC" skipped="0">
  <testcase classname="test.LambdaTest" name="runTest" time="34.254"/>
  <testcase classname="test.LambdaTest" name="runTest" time="28.573"/>
</testsuite> <!-- test.LambdaTest -->
